<?xml version="1.0" encoding="UTF-8"?>
<!-- Generated by org.testng.reporters.JUnitReportReporter -->
<testsuite hostname="LAPTOP-D4JTHDEO" failures="0" tests="1" name="com.crm.baseclass.HardAssert" time="6.949" errors="0" timestamp="2024-10-12T08:50:45 IST" skipped="0">
  <testcase classname="com.crm.baseclass.HardAssert" name="main" time="6.949"/>
</testsuite> <!-- com.crm.baseclass.HardAssert -->
