<?xml version="1.0" encoding="UTF-8"?>
<!-- Generated by org.testng.reporters.JUnitReportReporter -->
<testsuite hostname="LAPTOP-D4JTHDEO" failures="0" tests="1" name="Basics.LaunchTheBrowser" time="21.520" errors="0" timestamp="2024-10-05T09:52:39 IST" skipped="0">
  <testcase classname="Basics.LaunchTheBrowser" name="browser" time="21.520"/>
</testsuite> <!-- Basics.LaunchTheBrowser -->
