<?xml version="1.0" encoding="UTF-8"?>
<!-- Generated by org.testng.reporters.JUnitReportReporter -->
<testsuite hostname="LAPTOP-D4JTHDEO" failures="0" tests="1" name="ReadingDataFromExcel" time="0.593" errors="0" timestamp="2024-10-04T09:15:23 IST" skipped="0">
  <testcase classname="ReadingDataFromExcel" name="login" time="0.593"/>
</testsuite> <!-- ReadingDataFromExcel -->
