<?xml version="1.0" encoding="UTF-8"?>
<!-- Generated by org.testng.reporters.JUnitReportReporter -->
<testsuite hostname="LAPTOP-D4JTHDEO" failures="0" tests="1" name="TestNg.ReadingDataFromXml" time="6.047" errors="0" timestamp="2024-10-05T08:57:09 IST" skipped="0">
  <testcase classname="TestNg.ReadingDataFromXml" name="login" time="6.047"/>
</testsuite> <!-- TestNg.ReadingDataFromXml -->
