<?xml version="1.0" encoding="UTF-8"?>
<!-- Generated by org.testng.reporters.JUnitReportReporter -->
<testsuite hostname="LAPTOP-D4JTHDEO" failures="0" tests="1" name="com.crm.FileUtility.ReadDataFromExcel" time="0.779" errors="0" timestamp="2024-10-14T09:51:18 IST" skipped="0">
  <testcase classname="com.crm.FileUtility.ReadDataFromExcel" name="login1" time="0.779"/>
</testsuite> <!-- com.crm.FileUtility.ReadDataFromExcel -->
