<?xml version="1.0" encoding="UTF-8"?>
<!-- Generated by org.testng.reporters.JUnitReportReporter -->
<testsuite hostname="LAPTOP-D4JTHDEO" failures="0" tests="1" name="TestNg.ReadingDataFromExcelandXml" time="11.391" errors="0" timestamp="2024-10-05T09:54:04 IST" skipped="0">
  <testcase classname="TestNg.ReadingDataFromExcelandXml" name="login" time="11.391"/>
</testsuite> <!-- TestNg.ReadingDataFromExcelandXml -->
